<?xml version="1.0" encoding="UTF-8"?>
<!-- Generated by org.testng.reporters.JUnitXMLReporter -->
<testsuite hostname="AUTOEVER-PC164" ignored="0" name="Tests" tests="1" failures="1" timestamp="2019-11-28T17:39:37 IST" time="190.374" errors="0">
  <testcase name="logins" time="167.463" classname="testcases.Tc008_CancelSubscription">
    <failure type="java.lang.RuntimeException" message="FAILED">
      <![CDATA[java.lang.RuntimeException: FAILED
at utils.Reporter.reportStep(Reporter.java:36)
at utils.Reporter.reportStep(Reporter.java:50)
at wrappers.GenericWrappers.clickByXpathExplict(GenericWrappers.java:527)
at pages.MyH_Dashboardpage.clicksubscriptionLink(MyH_Dashboardpage.java:36)
at testcases.Tc008_CancelSubscription.logins(Tc008_CancelSubscription.java:23)
at java.util.ArrayList.forEach(Unknown Source)
... Removed 27 stack frames]]>
    </failure>
  </testcase> <!-- logins -->
</testsuite> <!-- Tests -->
