<?xml version="1.0" encoding="UTF-8"?>
<testng-results skipped="0" failed="0" ignored="0" total="1" passed="1">
  <reporter-output>
  </reporter-output>
  <suite name="Default suite" duration-ms="139175" started-at="2019-12-16T15:00:50 IST" finished-at="2019-12-16T15:03:09 IST">
    <groups>
      <group name="sanity">
        <method signature="Tc005_EnrollmentLater.enrollmentLater(java.lang.String, java.lang.String, java.lang.String, java.lang.String, java.lang.String, java.lang.String, java.lang.String, java.lang.String, java.lang.String, java.lang.String, java.lang.String, java.lang.String, java.lang.String, java.lang.String)[pri:0, instance:testcases.Tc005_EnrollmentLater@1a052a00]" name="enrollmentLater" class="testcases.Tc005_EnrollmentLater"/>
      </group> <!-- sanity -->
    </groups>
    <test name="Default test" duration-ms="139175" started-at="2019-12-16T15:00:50 IST" finished-at="2019-12-16T15:03:09 IST">
      <class name="testcases.Tc005_EnrollmentLater">
        <test-method status="PASS" signature="beforeSuite()[pri:0, instance:testcases.Tc005_EnrollmentLater@1a052a00]" name="beforeSuite" is-config="true" duration-ms="144" started-at="2019-12-16T15:00:50 IST" finished-at="2019-12-16T15:00:50 IST">
          <reporter-output>
          </reporter-output>
        </test-method> <!-- beforeSuite -->
        <test-method status="PASS" signature="beforeTest()[pri:0, instance:testcases.Tc005_EnrollmentLater@1a052a00]" name="beforeTest" is-config="true" duration-ms="1" started-at="2019-12-16T15:00:50 IST" finished-at="2019-12-16T15:00:50 IST">
          <reporter-output>
          </reporter-output>
        </test-method> <!-- beforeTest -->
        <test-method status="PASS" signature="setDatag()[pri:0, instance:testcases.Tc005_EnrollmentLater@1a052a00]" name="setDatag" is-config="true" duration-ms="1" started-at="2019-12-16T15:00:50 IST" finished-at="2019-12-16T15:00:50 IST">
          <reporter-output>
          </reporter-output>
        </test-method> <!-- setDatag -->
        <test-method status="PASS" signature="beforeMethods()[pri:0, instance:testcases.Tc005_EnrollmentLater@1a052a00]" name="beforeMethods" is-config="true" duration-ms="19729" started-at="2019-12-16T15:00:50 IST" finished-at="2019-12-16T15:01:10 IST">
          <reporter-output>
          </reporter-output>
        </test-method> <!-- beforeMethods -->
        <test-method status="PASS" signature="enrollmentLater(java.lang.String, java.lang.String, java.lang.String, java.lang.String, java.lang.String, java.lang.String, java.lang.String, java.lang.String, java.lang.String, java.lang.String, java.lang.String, java.lang.String, java.lang.String, java.lang.String)[pri:0, instance:testcases.Tc005_EnrollmentLater@1a052a00]" name="enrollmentLater" duration-ms="117870" started-at="2019-12-16T15:01:10 IST" data-provider="fetch" finished-at="2019-12-16T15:03:08 IST">
          <params>
            <param index="0">
              <value>
                <![CDATA[Enrollment Later]]>
              </value>
            </param>
            <param index="1">
              <value>
                <![CDATA[myh1f@mailinator.com]]>
              </value>
            </param>
            <param index="2">
              <value>
                <![CDATA[test1234]]>
              </value>
            </param>
            <param index="3">
              <value>
                <![CDATA[KM8J33A20GT194742']]>
              </value>
            </param>
            <param index="4">
              <value>
                <![CDATA[1000']]>
              </value>
            </param>
            <param index="5">
              <value>
                <![CDATA[Tom]]>
              </value>
            </param>
            <param index="6">
              <value>
                <![CDATA[Brady]]>
              </value>
            </param>
            <param index="7">
              <value>
                <![CDATA[10550 talbert ave]]>
              </value>
            </param>
            <param index="8">
              <value>
                <![CDATA[Fountain Valley]]>
              </value>
            </param>
            <param index="9">
              <value>
                <![CDATA[CA]]>
              </value>
            </param>
            <param index="10">
              <value>
                <![CDATA[9999999999']]>
              </value>
            </param>
            <param index="11">
              <value>
                <![CDATA[Mobile]]>
              </value>
            </param>
            <param index="12">
              <value>
                <![CDATA[1234']]>
              </value>
            </param>
            <param index="13">
              <value>
                <![CDATA[No active packages]]>
              </value>
            </param>
          </params>
          <reporter-output>
          </reporter-output>
        </test-method> <!-- enrollmentLater -->
        <test-method status="PASS" signature="afterMethod()[pri:0, instance:testcases.Tc005_EnrollmentLater@1a052a00]" name="afterMethod" is-config="true" duration-ms="1112" started-at="2019-12-16T15:03:08 IST" finished-at="2019-12-16T15:03:09 IST">
          <reporter-output>
          </reporter-output>
        </test-method> <!-- afterMethod -->
        <test-method status="PASS" signature="afterTest()[pri:0, instance:testcases.Tc005_EnrollmentLater@1a052a00]" name="afterTest" is-config="true" duration-ms="1" started-at="2019-12-16T15:03:09 IST" finished-at="2019-12-16T15:03:09 IST">
          <reporter-output>
          </reporter-output>
        </test-method> <!-- afterTest -->
        <test-method status="PASS" signature="afterSuite()[pri:0, instance:testcases.Tc005_EnrollmentLater@1a052a00]" name="afterSuite" is-config="true" duration-ms="276" started-at="2019-12-16T15:03:09 IST" finished-at="2019-12-16T15:03:09 IST">
          <reporter-output>
          </reporter-output>
        </test-method> <!-- afterSuite -->
      </class> <!-- testcases.Tc005_EnrollmentLater -->
    </test> <!-- Default test -->
  </suite> <!-- Default suite -->
</testng-results>
